Determining if the function sgemm_ exists failed with the following output:
Change Dir: /home/burak/Documents/OKUL/oop_project/last/CMakeFiles/CMakeTmp

Run Build Command(s):/usr/bin/make cmTC_14851/fast && /usr/bin/make -f CMakeFiles/cmTC_14851.dir/build.make CMakeFiles/cmTC_14851.dir/build
make[1]: Entering directory '/home/burak/Documents/OKUL/oop_project/last/CMakeFiles/CMakeTmp'
Building C object CMakeFiles/cmTC_14851.dir/CheckFunctionExists.c.o
/usr/bin/cc   -DCHECK_FUNCTION_EXISTS=sgemm_   -o CMakeFiles/cmTC_14851.dir/CheckFunctionExists.c.o   -c /usr/share/cmake-3.16/Modules/CheckFunctionExists.c
Linking C executable cmTC_14851
/usr/bin/cmake -E cmake_link_script CMakeFiles/cmTC_14851.dir/link.txt --verbose=1
/usr/bin/cc  -DCHECK_FUNCTION_EXISTS=sgemm_    CMakeFiles/cmTC_14851.dir/CheckFunctionExists.c.o  -o cmTC_14851 
/usr/bin/ld: CMakeFiles/cmTC_14851.dir/CheckFunctionExists.c.o: in function `main':
CheckFunctionExists.c:(.text+0x14): undefined reference to `sgemm_'
collect2: error: ld returned 1 exit status
make[1]: *** [CMakeFiles/cmTC_14851.dir/build.make:87: cmTC_14851] Error 1
make[1]: Leaving directory '/home/burak/Documents/OKUL/oop_project/last/CMakeFiles/CMakeTmp'
make: *** [Makefile:121: cmTC_14851/fast] Error 2



Performing C SOURCE FILE Test CMAKE_HAVE_LIBC_PTHREAD failed with the following output:
Change Dir: /home/burak/Documents/OKUL/oop_project/last/CMakeFiles/CMakeTmp

Run Build Command(s):/usr/bin/make cmTC_69f86/fast && /usr/bin/make -f CMakeFiles/cmTC_69f86.dir/build.make CMakeFiles/cmTC_69f86.dir/build
make[1]: Entering directory '/home/burak/Documents/OKUL/oop_project/last/CMakeFiles/CMakeTmp'
Building C object CMakeFiles/cmTC_69f86.dir/src.c.o
/usr/bin/cc   -DCMAKE_HAVE_LIBC_PTHREAD   -o CMakeFiles/cmTC_69f86.dir/src.c.o   -c /home/burak/Documents/OKUL/oop_project/last/CMakeFiles/CMakeTmp/src.c
Linking C executable cmTC_69f86
/usr/bin/cmake -E cmake_link_script CMakeFiles/cmTC_69f86.dir/link.txt --verbose=1
/usr/bin/cc  -DCMAKE_HAVE_LIBC_PTHREAD    CMakeFiles/cmTC_69f86.dir/src.c.o  -o cmTC_69f86 
/usr/bin/ld: CMakeFiles/cmTC_69f86.dir/src.c.o: in function `main':
src.c:(.text+0x46): undefined reference to `pthread_create'
/usr/bin/ld: src.c:(.text+0x52): undefined reference to `pthread_detach'
/usr/bin/ld: src.c:(.text+0x63): undefined reference to `pthread_join'
collect2: error: ld returned 1 exit status
make[1]: *** [CMakeFiles/cmTC_69f86.dir/build.make:87: cmTC_69f86] Error 1
make[1]: Leaving directory '/home/burak/Documents/OKUL/oop_project/last/CMakeFiles/CMakeTmp'
make: *** [Makefile:121: cmTC_69f86/fast] Error 2


Source file was:
#include <pthread.h>

void* test_func(void* data)
{
  return data;
}

int main(void)
{
  pthread_t thread;
  pthread_create(&thread, NULL, test_func, NULL);
  pthread_detach(thread);
  pthread_join(thread, NULL);
  pthread_atfork(NULL, NULL, NULL);
  pthread_exit(NULL);

  return 0;
}

Determining if the function pthread_create exists in the pthreads failed with the following output:
Change Dir: /home/burak/Documents/OKUL/oop_project/last/CMakeFiles/CMakeTmp

Run Build Command(s):/usr/bin/make cmTC_290ce/fast && /usr/bin/make -f CMakeFiles/cmTC_290ce.dir/build.make CMakeFiles/cmTC_290ce.dir/build
make[1]: Entering directory '/home/burak/Documents/OKUL/oop_project/last/CMakeFiles/CMakeTmp'
Building C object CMakeFiles/cmTC_290ce.dir/CheckFunctionExists.c.o
/usr/bin/cc   -DCHECK_FUNCTION_EXISTS=pthread_create   -o CMakeFiles/cmTC_290ce.dir/CheckFunctionExists.c.o   -c /usr/share/cmake-3.16/Modules/CheckFunctionExists.c
Linking C executable cmTC_290ce
/usr/bin/cmake -E cmake_link_script CMakeFiles/cmTC_290ce.dir/link.txt --verbose=1
/usr/bin/cc  -DCHECK_FUNCTION_EXISTS=pthread_create    CMakeFiles/cmTC_290ce.dir/CheckFunctionExists.c.o  -o cmTC_290ce  -lpthreads 
/usr/bin/ld: cannot find -lpthreads
collect2: error: ld returned 1 exit status
make[1]: *** [CMakeFiles/cmTC_290ce.dir/build.make:87: cmTC_290ce] Error 1
make[1]: Leaving directory '/home/burak/Documents/OKUL/oop_project/last/CMakeFiles/CMakeTmp'
make: *** [Makefile:121: cmTC_290ce/fast] Error 2



Determining if the function cheev_ exists failed with the following output:
Change Dir: /home/burak/Documents/OKUL/oop_project/last/CMakeFiles/CMakeTmp

Run Build Command(s):/usr/bin/make cmTC_76157/fast && /usr/bin/make -f CMakeFiles/cmTC_76157.dir/build.make CMakeFiles/cmTC_76157.dir/build
make[1]: Entering directory '/home/burak/Documents/OKUL/oop_project/last/CMakeFiles/CMakeTmp'
Building C object CMakeFiles/cmTC_76157.dir/CheckFunctionExists.c.o
/usr/bin/cc   -DCHECK_FUNCTION_EXISTS=cheev_   -o CMakeFiles/cmTC_76157.dir/CheckFunctionExists.c.o   -c /usr/share/cmake-3.16/Modules/CheckFunctionExists.c
Linking C executable cmTC_76157
/usr/bin/cmake -E cmake_link_script CMakeFiles/cmTC_76157.dir/link.txt --verbose=1
/usr/bin/cc  -DCHECK_FUNCTION_EXISTS=cheev_    CMakeFiles/cmTC_76157.dir/CheckFunctionExists.c.o  -o cmTC_76157  /usr/lib/x86_64-linux-gnu/libblas.so 
/usr/bin/ld: CMakeFiles/cmTC_76157.dir/CheckFunctionExists.c.o: in function `main':
CheckFunctionExists.c:(.text+0x14): undefined reference to `cheev_'
collect2: error: ld returned 1 exit status
make[1]: *** [CMakeFiles/cmTC_76157.dir/build.make:88: cmTC_76157] Error 1
make[1]: Leaving directory '/home/burak/Documents/OKUL/oop_project/last/CMakeFiles/CMakeTmp'
make: *** [Makefile:121: cmTC_76157/fast] Error 2



